<?xml version="1.0" encoding="UTF-8"?>
<coverage generated="1540387310">
  <project timestamp="1540387310">
    <package name="StreamIterator">
      <file name="/home/raffael/dev/tubee/tubee/lib_dev/php-stream-iterator/src/StreamIterator.php">
        <class name="StreamIterator\StreamIterator" namespace="StreamIterator">
          <metrics complexity="33" methods="16" coveredmethods="10" conditionals="0" coveredconditionals="0" statements="61" coveredstatements="48" elements="77" coveredelements="58"/>
        </class>
        <line num="45" type="method" name="__construct" visibility="public" complexity="2" crap="2.03" count="17"/>
        <line num="47" type="stmt" count="17"/>
        <line num="48" type="stmt" count="0"/>
        <line num="50" type="stmt" count="17"/>
        <line num="51" type="stmt" count="17"/>
        <line num="52" type="stmt" count="17"/>
        <line num="57" type="method" name="__toString" visibility="public" complexity="1" crap="1" count="2"/>
        <line num="59" type="stmt" count="2"/>
        <line num="60" type="stmt" count="2"/>
        <line num="68" type="method" name="close" visibility="public" complexity="1" crap="1" count="1"/>
        <line num="70" type="stmt" count="1"/>
        <line num="75" type="method" name="detach" visibility="public" complexity="1" crap="2" count="0"/>
        <line num="77" type="stmt" count="0"/>
        <line num="78" type="stmt" count="0"/>
        <line num="79" type="stmt" count="0"/>
        <line num="85" type="method" name="getSize" visibility="public" complexity="2" crap="2.15" count="1"/>
        <line num="87" type="stmt" count="1"/>
        <line num="88" type="stmt" count="1"/>
        <line num="91" type="stmt" count="0"/>
        <line num="97" type="method" name="tell" visibility="public" complexity="1" crap="1" count="1"/>
        <line num="99" type="stmt" count="1"/>
        <line num="107" type="method" name="eof" visibility="public" complexity="2" crap="2.15" count="2"/>
        <line num="109" type="stmt" count="2"/>
        <line num="110" type="stmt" count="2"/>
        <line num="113" type="stmt" count="0"/>
        <line num="121" type="method" name="isSeekable" visibility="public" complexity="1" crap="1" count="1"/>
        <line num="123" type="stmt" count="1"/>
        <line num="133" type="method" name="seek" visibility="public" complexity="9" crap="12.56" count="1"/>
        <line num="135" type="stmt" count="1"/>
        <line num="136" type="stmt" count="0"/>
        <line num="139" type="stmt" count="1"/>
        <line num="140" type="stmt" count="1"/>
        <line num="141" type="stmt" count="0"/>
        <line num="144" type="stmt" count="1"/>
        <line num="145" type="stmt" count="1"/>
        <line num="146" type="stmt" count="0"/>
        <line num="147" type="stmt" count="0"/>
        <line num="150" type="stmt" count="1"/>
        <line num="151" type="stmt" count="0"/>
        <line num="152" type="stmt" count="0"/>
        <line num="155" type="stmt" count="1"/>
        <line num="156" type="stmt" count="1"/>
        <line num="157" type="stmt" count="1"/>
        <line num="160" type="stmt" count="1"/>
        <line num="161" type="stmt" count="1"/>
        <line num="168" type="method" name="rewind" visibility="public" complexity="1" crap="1" count="1"/>
        <line num="170" type="stmt" count="1"/>
        <line num="171" type="stmt" count="1"/>
        <line num="172" type="stmt" count="1"/>
        <line num="180" type="method" name="isWritable" visibility="public" complexity="1" crap="1" count="1"/>
        <line num="182" type="stmt" count="1"/>
        <line num="191" type="method" name="write" visibility="public" complexity="1" crap="1" count="1"/>
        <line num="193" type="stmt" count="1"/>
        <line num="199" type="method" name="isReadable" visibility="public" complexity="1" crap="1" count="1"/>
        <line num="201" type="stmt" count="1"/>
        <line num="210" type="method" name="read" visibility="public" complexity="4" crap="4.02" count="4"/>
        <line num="212" type="stmt" count="4"/>
        <line num="213" type="stmt" count="4"/>
        <line num="214" type="stmt" count="4"/>
        <line num="215" type="stmt" count="4"/>
        <line num="216" type="stmt" count="0"/>
        <line num="218" type="stmt" count="4"/>
        <line num="221" type="stmt" count="4"/>
        <line num="222" type="stmt" count="4"/>
        <line num="223" type="stmt" count="4"/>
        <line num="226" type="stmt" count="4"/>
        <line num="232" type="method" name="getContents" visibility="public" complexity="3" crap="3" count="4"/>
        <line num="234" type="stmt" count="4"/>
        <line num="235" type="stmt" count="4"/>
        <line num="236" type="stmt" count="4"/>
        <line num="237" type="stmt" count="1"/>
        <line num="239" type="stmt" count="3"/>
        <line num="242" type="stmt" count="4"/>
        <line num="243" type="stmt" count="4"/>
        <line num="246" type="stmt" count="4"/>
        <line num="254" type="method" name="getMetadata" visibility="public" complexity="2" crap="2" count="2"/>
        <line num="256" type="stmt" count="2"/>
        <metrics loc="258" ncloc="165" classes="1" methods="16" coveredmethods="10" conditionals="0" coveredconditionals="0" statements="61" coveredstatements="48" elements="77" coveredelements="58"/>
      </file>
    </package>
    <metrics files="1" loc="258" ncloc="165" classes="1" methods="16" coveredmethods="10" conditionals="0" coveredconditionals="0" statements="61" coveredstatements="48" elements="77" coveredelements="58"/>
  </project>
</coverage>
