<?xml version="1.0" encoding="UTF-8"?>
<coverage generated="1540455626">
  <project timestamp="1540455626">
    <package name="StreamIterator">
      <file name="/home/raffael/dev/tubee/tubee/lib_dev/php-stream-iterator/src/StreamIterator.php">
        <class name="StreamIterator" namespace="StreamIterator">
          <metrics complexity="33" methods="16" coveredmethods="12" conditionals="0" coveredconditionals="0" statements="61" coveredstatements="53" elements="77" coveredelements="65"/>
        </class>
        <line num="51" type="method" name="__construct" visibility="public" complexity="2" crap="2.03" count="20"/>
        <line num="53" type="stmt" count="20"/>
        <line num="54" type="stmt" count="0"/>
        <line num="56" type="stmt" count="20"/>
        <line num="57" type="stmt" count="20"/>
        <line num="58" type="stmt" count="20"/>
        <line num="63" type="method" name="__toString" visibility="public" complexity="1" crap="1" count="2"/>
        <line num="65" type="stmt" count="2"/>
        <line num="67" type="stmt" count="2"/>
        <line num="73" type="method" name="close" visibility="public" complexity="1" crap="1" count="1"/>
        <line num="75" type="stmt" count="1"/>
        <line num="80" type="method" name="detach" visibility="public" complexity="1" crap="1" count="1"/>
        <line num="82" type="stmt" count="1"/>
        <line num="83" type="stmt" count="1"/>
        <line num="85" type="stmt" count="1"/>
        <line num="91" type="method" name="getSize" visibility="public" complexity="2" crap="2.15" count="1"/>
        <line num="93" type="stmt" count="1"/>
        <line num="94" type="stmt" count="1"/>
        <line num="97" type="stmt" count="0"/>
        <line num="103" type="method" name="tell" visibility="public" complexity="1" crap="1" count="2"/>
        <line num="105" type="stmt" count="2"/>
        <line num="113" type="method" name="eof" visibility="public" complexity="2" crap="2.15" count="2"/>
        <line num="115" type="stmt" count="2"/>
        <line num="116" type="stmt" count="2"/>
        <line num="119" type="stmt" count="0"/>
        <line num="127" type="method" name="isSeekable" visibility="public" complexity="1" crap="1" count="1"/>
        <line num="129" type="stmt" count="1"/>
        <line num="140" type="method" name="seek" visibility="public" complexity="9" crap="11.06" count="2"/>
        <line num="142" type="stmt" count="2"/>
        <line num="143" type="stmt" count="1"/>
        <line num="146" type="stmt" count="1"/>
        <line num="147" type="stmt" count="1"/>
        <line num="148" type="stmt" count="0"/>
        <line num="151" type="stmt" count="1"/>
        <line num="152" type="stmt" count="1"/>
        <line num="153" type="stmt" count="0"/>
        <line num="154" type="stmt" count="0"/>
        <line num="157" type="stmt" count="1"/>
        <line num="158" type="stmt" count="0"/>
        <line num="159" type="stmt" count="0"/>
        <line num="162" type="stmt" count="1"/>
        <line num="163" type="stmt" count="1"/>
        <line num="164" type="stmt" count="1"/>
        <line num="167" type="stmt" count="1"/>
        <line num="169" type="stmt" count="1"/>
        <line num="177" type="method" name="rewind" visibility="public" complexity="1" crap="1" count="1"/>
        <line num="179" type="stmt" count="1"/>
        <line num="180" type="stmt" count="1"/>
        <line num="182" type="stmt" count="1"/>
        <line num="190" type="method" name="isWritable" visibility="public" complexity="1" crap="1" count="1"/>
        <line num="192" type="stmt" count="1"/>
        <line num="202" type="method" name="write" visibility="public" complexity="1" crap="1" count="1"/>
        <line num="204" type="stmt" count="1"/>
        <line num="210" type="method" name="isReadable" visibility="public" complexity="1" crap="1" count="1"/>
        <line num="212" type="stmt" count="1"/>
        <line num="222" type="method" name="read" visibility="public" complexity="4" crap="4" count="5"/>
        <line num="224" type="stmt" count="5"/>
        <line num="225" type="stmt" count="5"/>
        <line num="226" type="stmt" count="5"/>
        <line num="227" type="stmt" count="5"/>
        <line num="228" type="stmt" count="1"/>
        <line num="230" type="stmt" count="4"/>
        <line num="233" type="stmt" count="5"/>
        <line num="234" type="stmt" count="5"/>
        <line num="235" type="stmt" count="5"/>
        <line num="238" type="stmt" count="5"/>
        <line num="244" type="method" name="getContents" visibility="public" complexity="3" crap="3" count="4"/>
        <line num="246" type="stmt" count="4"/>
        <line num="247" type="stmt" count="4"/>
        <line num="248" type="stmt" count="4"/>
        <line num="249" type="stmt" count="1"/>
        <line num="251" type="stmt" count="3"/>
        <line num="254" type="stmt" count="4"/>
        <line num="255" type="stmt" count="4"/>
        <line num="258" type="stmt" count="4"/>
        <line num="267" type="method" name="getMetadata" visibility="public" complexity="2" crap="2" count="2"/>
        <line num="269" type="stmt" count="2"/>
        <metrics loc="271" ncloc="173" classes="1" methods="16" coveredmethods="12" conditionals="0" coveredconditionals="0" statements="61" coveredstatements="53" elements="77" coveredelements="65"/>
      </file>
    </package>
    <metrics files="1" loc="271" ncloc="173" classes="1" methods="16" coveredmethods="12" conditionals="0" coveredconditionals="0" statements="61" coveredstatements="53" elements="77" coveredelements="65"/>
  </project>
</coverage>
